Flutter crash report.
Please report a bug at https://github.com/flutter/flutter/issues.

## command

flutter run

## exception

RPCError: getVM: (112) Service has disappeared

```
```

## flutter doctor

```
[✓] Flutter (Channel stable, 2.0.6, on Mac OS X 10.15.7 19H15 darwin-x64, locale ko-KR)
    • Flutter version 2.0.6 at /Users/mac/flutter
    • Framework revision 1d9032c7e1 (13 days ago), 2021-04-29 17:37:58 -0700
    • Engine revision 05e680e202
    • Dart version 2.12.3

[!] Android toolchain - develop for Android devices (Android SDK version 30.0.2)
    • Android SDK at /Users/mac/Library/Android/sdk
    • Platform android-30, build-tools 30.0.2
    • ANDROID_HOME = /Users/mac/Library/Android/sdk
    • Java binary at: /Applications/Android
      Studio.app/Contents/jre/jdk/Contents/Home/bin/java
    • Java version OpenJDK Runtime Environment (build 1.8.0_242-release-1644-b3-6915495)
    ✗ Android license status unknown.
      Run `flutter doctor --android-licenses` to accept the SDK licenses.
      See https://flutter.dev/docs/get-started/install/macos#android-setup for more
      details.

[✓] Xcode - develop for iOS and macOS
    • Xcode at /Applications/Xcode.app/Contents/Developer
    • Xcode 12.3, Build version 12C33
    • CocoaPods version 1.10.1

[✓] Chrome - develop for the web
    • Chrome at /Applications/Google Chrome.app/Contents/MacOS/Google Chrome

[✓] Android Studio (version 4.1)
    • Android Studio at /Applications/Android Studio.app/Contents
    • Flutter plugin can be installed from:
      🔨 https://plugins.jetbrains.com/plugin/9212-flutter
    • Dart plugin can be installed from:
      🔨 https://plugins.jetbrains.com/plugin/6351-dart
    • Java version OpenJDK Runtime Environment (build 1.8.0_242-release-1644-b3-6915495)

[✓] IntelliJ IDEA Community Edition (version 2020.2.3)
    • IntelliJ at /Applications/IntelliJ IDEA CE.app
    • Flutter plugin can be installed from:
      🔨 https://plugins.jetbrains.com/plugin/9212-flutter
    • Dart plugin can be installed from:
      🔨 https://plugins.jetbrains.com/plugin/6351-dart

[✓] Connected device (2 available)
    • SM A908N (mobile) • RFCM804AX7M • android-arm64  • Android 10 (API 29)
    • Chrome (web)      • chrome      • web-javascript • Google Chrome 90.0.4430.212

! Doctor found issues in 1 category.
```
